<?xml version="1.0" encoding="UTF-8"?>
<!-- Generated by org.testng.reporters.JUnitReportReporter -->
<testsuite skipped="0" hostname="sai" name="testRunner.TestNGTestRunner" tests="1" failures="0" timestamp="2022-12-07T13:07:33 IST" time="13.026" errors="0">
  <testcase name="runScenario" time="13.026" classname="testRunner.TestNGTestRunner"/>
  <system-out/>
</testsuite> <!-- testRunner.TestNGTestRunner -->
